<?xml version="1.0" encoding="UTF-8"?>
<!-- Generated by org.testng.reporters.JUnitXMLReporter -->
<testsuite ignored="0" hostname="PRATIKSHA-07" failures="1" tests="2" name="Test" time="84.655" errors="0" timestamp="2024-01-18T00:54:06 IST">
  <testcase classname="coverFox_TestNG_Text.CF_TC02_Validate_Error_message" name="@BeforeMethod enterMembersDetails" time="10.996">
    <failure type="org.openqa.selenium.NoSuchElementException" message="no such element: Unable to locate element: {&amp;quot;method&amp;quot;:&amp;quot;xpath&amp;quot;,&amp;quot;selector&amp;quot;:&amp;quot;(//input[@type=&amp;apos;number&amp;apos;])[2]&amp;quot;}
  (Session info: chrome=120.0.6099.224)
For documentation on this error, please visit: https://www.selenium.dev/documentation/webdriver/troubleshooting/errors#no-such-element-exception
Build info: version: &amp;apos;4.16.1&amp;apos;, revision: &amp;apos;9b4c83354e&amp;apos;
System info: os.name: &amp;apos;Windows 10&amp;apos;, os.arch: &amp;apos;amd64&amp;apos;, os.version: &amp;apos;10.0&amp;apos;, java.version: &amp;apos;17.0.1&amp;apos;
Driver info: org.openqa.selenium.chrome.ChromeDriver
Command: [e8c5f7543a105be816096ffdad8175fb, findElement {using=xpath, value=(//input[@type=&amp;apos;number&amp;apos;])[2]}]
Capabilities {acceptInsecureCerts: false, browserName: chrome, browserVersion: 120.0.6099.224, chrome: {chromedriverVersion: 120.0.6099.109 (3419140ab66..., userDataDir: C:\Users\prati\AppData\Loca...}, fedcm:accounts: true, goog:chromeOptions: {debuggerAddress: localhost:65455}, networkConnectionEnabled: false, pageLoadStrategy: normal, platformName: windows, proxy: Proxy(), se:cdp: ws://localhost:65455/devtoo..., se:cdpVersion: 120.0.6099.224, setWindowRect: true, strictFileInteractability: false, timeouts: {implicit: 0, pageLoad: 300000, script: 30000}, unhandledPromptBehavior: dismiss and notify, webauthn:extension:credBlob: true, webauthn:extension:largeBlob: true, webauthn:extension:minPinLength: true, webauthn:extension:prf: true, webauthn:virtualAuthenticators: true}
Session ID: e8c5f7543a105be816096ffdad8175fb">
      <![CDATA[org.openqa.selenium.NoSuchElementException: no such element: Unable to locate element: {"method":"xpath","selector":"(//input[@type='number'])[2]"}
  (Session info: chrome=120.0.6099.224)
For documentation on this error, please visit: https://www.selenium.dev/documentation/webdriver/troubleshooting/errors#no-such-element-exception
Build info: version: '4.16.1', revision: '9b4c83354e'
System info: os.name: 'Windows 10', os.arch: 'amd64', os.version: '10.0', java.version: '17.0.1'
Driver info: org.openqa.selenium.chrome.ChromeDriver
Command: [e8c5f7543a105be816096ffdad8175fb, findElement {using=xpath, value=(//input[@type='number'])[2]}]
Capabilities {acceptInsecureCerts: false, browserName: chrome, browserVersion: 120.0.6099.224, chrome: {chromedriverVersion: 120.0.6099.109 (3419140ab66..., userDataDir: C:\Users\prati\AppData\Loca...}, fedcm:accounts: true, goog:chromeOptions: {debuggerAddress: localhost:65455}, networkConnectionEnabled: false, pageLoadStrategy: normal, platformName: windows, proxy: Proxy(), se:cdp: ws://localhost:65455/devtoo..., se:cdpVersion: 120.0.6099.224, setWindowRect: true, strictFileInteractability: false, timeouts: {implicit: 0, pageLoad: 300000, script: 30000}, unhandledPromptBehavior: dismiss and notify, webauthn:extension:credBlob: true, webauthn:extension:largeBlob: true, webauthn:extension:minPinLength: true, webauthn:extension:prf: true, webauthn:virtualAuthenticators: true}
Session ID: e8c5f7543a105be816096ffdad8175fb
at org.openqa.selenium.remote.codec.w3c.W3CHttpResponseCodec.createException(W3CHttpResponseCodec.java:200)
at org.openqa.selenium.remote.codec.w3c.W3CHttpResponseCodec.decode(W3CHttpResponseCodec.java:133)
at org.openqa.selenium.remote.codec.w3c.W3CHttpResponseCodec.decode(W3CHttpResponseCodec.java:52)
at org.openqa.selenium.remote.HttpCommandExecutor.execute(HttpCommandExecutor.java:191)
at org.openqa.selenium.remote.service.DriverCommandExecutor.invokeExecute(DriverCommandExecutor.java:200)
at org.openqa.selenium.remote.service.DriverCommandExecutor.execute(DriverCommandExecutor.java:175)
at org.openqa.selenium.remote.RemoteWebDriver.execute(RemoteWebDriver.java:523)
at org.openqa.selenium.remote.ElementLocation$ElementFinder$2.findElement(ElementLocation.java:165)
at org.openqa.selenium.remote.ElementLocation.findElement(ElementLocation.java:59)
at org.openqa.selenium.remote.RemoteWebDriver.findElement(RemoteWebDriver.java:360)
at org.openqa.selenium.remote.RemoteWebDriver.findElement(RemoteWebDriver.java:354)
at org.openqa.selenium.support.pagefactory.DefaultElementLocator.findElement(DefaultElementLocator.java:68)
at org.openqa.selenium.support.pagefactory.internal.LocatingElementHandler.invoke(LocatingElementHandler.java:38)
at jdk.proxy2/jdk.proxy2.$Proxy12.sendKeys(Unknown Source)
at coverFoxPom.AddressDEtails_page4.enterMobNo(AddressDEtails_page4.java:31)
at coverFox_TestNG_Text.CF_TC02_Validate_Error_message.enterMembersDetails(CF_TC02_Validate_Error_message.java:71)
at java.base/java.util.ArrayList.forEach(ArrayList.java:1511)
... Removed 40 stack frames]]>
    </failure>
  </testcase> <!-- @BeforeMethod enterMembersDetails -->
  <testcase classname="coverFox_TestNG_Text.CF_TC02_Validate_Error_message" name="@AfterMethod closeCoverFoxBrowser" time="0.0">
    <skipped/>
  </testcase> <!-- @AfterMethod closeCoverFoxBrowser -->
  <testcase classname="coverFox_TestNG_Text.CF_TC01_Validate_Search_Research_for_healthcare_policies" name="validateTestPlansFromTextAndBanners" time="25.845">
    <failure type="java.lang.AssertionError" message="Text Result are not equal to Banner Result,TC will failed expected [49] but found [0]">
      <![CDATA[java.lang.AssertionError: Text Result are not equal to Banner Result,TC will failed expected [49] but found [0]
at coverFox_TestNG_Text.CF_TC01_Validate_Search_Research_for_healthcare_policies.validateTestPlansFromTextAndBanners(CF_TC01_Validate_Search_Research_for_healthcare_policies.java:93)
at java.base/java.util.ArrayList.forEach(ArrayList.java:1511)
... Removed 37 stack frames]]>
    </failure>
  </testcase> <!-- validateTestPlansFromTextAndBanners -->
  <testcase classname="coverFox_TestNG_Text.CF_TC02_Validate_Error_message" name="validate_error_message" time="0.0">
    <skipped/>
  </testcase> <!-- validate_error_message -->
</testsuite> <!-- Test -->
